[----] Criterion v2.3.3
[====] Running 11 tests from client_registry_suite:
[RUN ] client_registry_suite::all_clients_empty
[PASS] client_registry_suite::all_clients_empty: (0.00s)
[RUN ] client_registry_suite::all_clients_nonempty
[----] tests/client_registry_test.c:456: Assertion failed: Number of clients (0) was not the expected value (3)
[FAIL] client_registry_suite::all_clients_nonempty: (0.00s)
[RUN ] client_registry_suite::basic_one_registry
[PASS] client_registry_suite::basic_one_registry: (1.00s)
[RUN ] client_registry_suite::basic_one_registry_premature
[PASS] client_registry_suite::basic_one_registry_premature: (1.35s)
[RUN ] client_registry_suite::basic_two_registries
[PASS] client_registry_suite::basic_two_registries: (2.70s)
[RUN ] client_registry_suite::init
[PASS] client_registry_suite::init: (0.00s)
[RUN ] client_registry_suite::init_fini
[PASS] client_registry_suite::init_fini: (0.00s)
[RUN ] client_registry_suite::init_reg_fini
[PASS] client_registry_suite::init_reg_fini: (0.00s)
[RUN ] client_registry_suite::init_reg_unreg_fini
[PASS] client_registry_suite::init_reg_unreg_fini: (0.00s)
[RUN ] client_registry_suite::many_threads_one_registry
[----] tests/client_registry_test.c:349: Unexpected signal caught below this line!
[FAIL] client_registry_suite::many_threads_one_registry: CRASH!
[RUN ] client_registry_suite::many_threads_one_registry_premature
[----] tests/client_registry_test.c:374: Unexpected signal caught below this line!
[FAIL] client_registry_suite::many_threads_one_registry_premature: CRASH!
[====] Running 17 tests from client_suite:
[RUN ] client_suite::concurrent_ref
[PASS] client_suite::concurrent_ref: (2.70s)
[RUN ] client_suite::create
[PASS] client_suite::create: (0.00s)
[RUN ] client_suite::create_get_mailbox
[PASS] client_suite::create_get_mailbox: (0.00s)
[RUN ] client_suite::create_get_user
[PASS] client_suite::create_get_user: (0.00s)
[RUN ] client_suite::create_login
[PASS] client_suite::create_login: (0.00s)
[RUN ] client_suite::create_login_get_mailbox
[PASS] client_suite::create_login_get_mailbox: (0.00s)
[RUN ] client_suite::create_login_get_user
[PASS] client_suite::create_login_get_user: (0.00s)
[RUN ] client_suite::create_login_logout
[PASS] client_suite::create_login_logout: (0.00s)
[RUN ] client_suite::create_login_logout_get_mailbox
[PASS] client_suite::create_login_logout_get_mailbox: (0.00s)
[RUN ] client_suite::create_login_logout_get_user
[PASS] client_suite::create_login_logout_get_user: (0.00s)
[RUN ] client_suite::create_send_ack
[PASS] client_suite::create_send_ack: (0.00s)
[RUN ] client_suite::create_send_nack
[PASS] client_suite::create_send_nack: (0.00s)
[RUN ] client_suite::create_send_packet
[PASS] client_suite::create_send_packet: (0.01s)
[RUN ] client_suite::create_unref
[PASS] client_suite::create_unref: (0.00s)
[RUN ] client_suite::register_login_many
[PASS] client_suite::register_login_many: (0.00s)
[RUN ] client_suite::register_login_twice_diff
[PASS] client_suite::register_login_twice_diff: (0.00s)
[RUN ] client_suite::register_login_twice_same
[PASS] client_suite::register_login_twice_same: (0.00s)
[====] Running 10 tests from mailbox_suite:
[RUN ] mailbox_suite::concurrent_add_consume
[PASS] mailbox_suite::concurrent_add_consume: (0.11s)
[RUN ] mailbox_suite::concurrent_ref
[PASS] mailbox_suite::concurrent_ref: (1.57s)
[RUN ] mailbox_suite::init
[PASS] mailbox_suite::init: (0.00s)
[RUN ] mailbox_suite::init_add_msg_next
[PASS] mailbox_suite::init_add_msg_next: (0.00s)
[RUN ] mailbox_suite::init_add_msg_unref
[PASS] mailbox_suite::init_add_msg_unref: (0.00s)
[RUN ] mailbox_suite::init_add_notice_next
[PASS] mailbox_suite::init_add_notice_next: (0.00s)
[RUN ] mailbox_suite::init_shutdown_unref
[PASS] mailbox_suite::init_shutdown_unref: (0.00s)
[RUN ] mailbox_suite::init_unref
[PASS] mailbox_suite::init_unref: (0.00s)
[RUN ] mailbox_suite::next_entry_empty
[PASS] mailbox_suite::next_entry_empty: (0.00s)
[RUN ] mailbox_suite::next_entry_shutdown
[PASS] mailbox_suite::next_entry_shutdown: (1.00s)
[====] Running 9 tests from protocol_suite:
[RUN ] protocol_suite::recv_empty
[PASS] protocol_suite::recv_empty: (0.00s)
[RUN ] protocol_suite::recv_error
[PASS] protocol_suite::recv_error: (0.00s)
[RUN ] protocol_suite::recv_no_payload
[PASS] protocol_suite::recv_no_payload: (0.00s)
[RUN ] protocol_suite::recv_short_header
[PASS] protocol_suite::recv_short_header: (0.00s)
[RUN ] protocol_suite::recv_short_payload
[----] tests/protocol_test.c:218: Assertion failed: Returned value was 0
[FAIL] protocol_suite::recv_short_payload: (0.00s)
[RUN ] protocol_suite::recv_with_payload
[PASS] protocol_suite::recv_with_payload: (0.00s)
[RUN ] protocol_suite::send_error
[PASS] protocol_suite::send_error: (0.00s)
[RUN ] protocol_suite::send_no_payload
[PASS] protocol_suite::send_no_payload: (0.00s)
[RUN ] protocol_suite::send_with_payload
[PASS] protocol_suite::send_with_payload: (0.01s)
[====] Running 11 tests from server_suite:
[RUN ] server_suite::login_again_same_user
[PASS] server_suite::login_again_same_user: (0.00s)
[RUN ] server_suite::login_logout
[PASS] server_suite::login_logout: (0.00s)
[RUN ] server_suite::login_logout_login
[PASS] server_suite::login_logout_login: (0.00s)
[RUN ] server_suite::login_many_users
[----] tests/server_test.c:74: Assertion failed: Packet type (NACK) was not the expected type (ACK)
[----] tests/server_test.c:74: Assertion failed: Packet type (NACK) was not the expected type (ACK)
[FAIL] server_suite::login_many_users: (0.00s)
[ERR ] Could not write the "assert" message down the event pipe: Bad file descriptor.
[----] Warning! The test `server_suite::login_many_users` crashed during its setup or teardown.
[RUN ] server_suite::login_send_many_users
[----] tests/server_test.c:74: Assertion failed: Packet type (NACK) was not the expected type (ACK)
free(): double free detected in tcache 2
[----] tests/server_test.c:74: Unexpected signal caught below this line!
[FAIL] server_suite::login_send_many_users: CRASH!
[RUN ] server_suite::login_two_conns_diff
[PASS] server_suite::login_two_conns_diff: (0.00s)
[RUN ] server_suite::login_two_conns_diff_users
[----] tests/server_test.c:356: Assertion failed: Payload length (8) was not the expected value (12)
[FAIL] server_suite::login_two_conns_diff_users: (0.00s)
[RUN ] server_suite::login_two_conns_diff_users_send1
free(): double free detected in tcache 2
[----] tests/server_test.c:368: Unexpected signal caught below this line!
[FAIL] server_suite::login_two_conns_diff_users_send1: CRASH!
[RUN ] server_suite::login_two_conns_same
[PASS] server_suite::login_two_conns_same: (0.00s)
[RUN ] server_suite::ping
[PASS] server_suite::ping: (0.00s)
[RUN ] server_suite::valid_login
[PASS] server_suite::valid_login: (0.00s)
[====] Running 10 tests from user_registry_suite:
[RUN ] user_registry_suite::concurrency
[PASS] user_registry_suite::concurrency: (8.05s)
[RUN ] user_registry_suite::init_fini
[PASS] user_registry_suite::init_fini: (0.00s)
[RUN ] user_registry_suite::init_reg_fini
[PASS] user_registry_suite::init_reg_fini: (0.00s)
[RUN ] user_registry_suite::reg3_one_registry
[PASS] user_registry_suite::reg3_one_registry: (0.00s)
[RUN ] user_registry_suite::reg_one_registry
[PASS] user_registry_suite::reg_one_registry: (0.00s)
[RUN ] user_registry_suite::reg_release_unreg_one_registry
[PASS] user_registry_suite::reg_release_unreg_one_registry: (0.00s)
[RUN ] user_registry_suite::reg_two_registries
[PASS] user_registry_suite::reg_two_registries: (0.00s)
[RUN ] user_registry_suite::release_rereg_one_registry
[PASS] user_registry_suite::release_rereg_one_registry: (0.00s)
[RUN ] user_registry_suite::rereg_one_registry
[PASS] user_registry_suite::rereg_one_registry: (0.00s)
[RUN ] user_registry_suite::unreg_empty_one_registry
[PASS] user_registry_suite::unreg_empty_one_registry: (0.00s)
[====] Running 5 tests from user_suite:
[RUN ] user_suite::concurrent_ref
[PASS] user_suite::concurrent_ref: (1.40s)
[RUN ] user_suite::create
[PASS] user_suite::create: (0.00s)
[RUN ] user_suite::create_many
[PASS] user_suite::create_many: (0.00s)
[RUN ] user_suite::create_modify_handle
[PASS] user_suite::create_modify_handle: (0.00s)
[RUN ] user_suite::create_multiple
[PASS] user_suite::create_multiple: (0.00s)
[----] Writing xml report in `crit.xml`.
[====] Synthesis: Tested: 73 | Passing: 65 | Failing: 8 | Crashing: 4 
